University of Central Fl
    ColLege of education
        Art Ed
        Art Ed.
        Elementary Ed
        Mathematics Ed
    College of EECS
        Comp Sci
        Electrical Eng
        a random item
            random subtopic
        comp eng
        information tech
    College of Medicine
    College of business
University of NC
    School of Government
        About the school
    School of Law
        Pre-law programs
    School of Social Work
        Graduate
        Undergraduate
    School of nursing
        RN Programs
