A
    AA
    AB
    AC
    AD
    AE
    AF
    AG
    AH
    AI
    AJ
    AK
    AL
    AM
    AN
    AO
    AP
    AQ
    AR
    AS
    AT
    AU
    AV
    AW
    AX
    AY
    Aa
    Ab
    Ac
    Ad
    Ae
    Af
    Ag
    Ah
    Ai
    Aj
    Ak
    Al
    Am
    An
    Ao
    Ap
    Aq
    Ar
    As
    At
    Au
    Av
    Aw
    Ax
    Ay
    B
    BA
    BB
    BC
    BD
    BE
    BF
    BG
    BH
    BI
    BJ
    BK
    BL
    BM
    BN
    BO
    BP
    BQ
    BR
    BS
    BT
    BU
    BV
    BW
    BX
    BY
    Ba
    Bb
    Bc
    Bd
    Be
    Bf
    Bg
    Bh
    Bi
    Bj
    Bk
    Bl
    Bm
    Bn
    Bo
    Bp
    Bq
    Br
    Bs
    Bt
    Bu
    Bv
    Bw
    Bx
    By
    C
    CA
    CB
    CC
    CD
    CE
    CF
    CG
    CH
    CI
    CJ
    CK
    CL
    CM
    CN
    CO
    CP
    CQ
    CR
    CS
    CT
    CU
    CV
    CW
    CX
    CY
    Ca
    Cb
    Cc
    Cd
    Ce
    Cf
    Cg
    Ch
    Ci
    Cj
    Ck
    Cl
    Cm
    Cn
    Co
    Cp
    Cq
    Cr
    Cs
    Ct
    Cu
    Cv
    Cw
    Cx
    Cy
    D
    DA
    DB
    DC
    DD
    DE
    DF
    DG
    DH
    DI
    DJ
    DK
    DL
    DM
    DN
    DO
    DP
    DQ
    DR
    DS
    DT
    DU
    DV
    DW
    DX
    DY
    Da
    Db
    Dc
    Dd
    De
    Df
    Dg
    Dh
    Di
    Dj
    Dk
    Dl
    Dm
    Dn
    Do
    Dp
    Dq
    Dr
    Ds
    Dt
    Du
    Dv
    Dw
    Dx
    Dy
    E
    EA
    EB
    EC
    ED
    EE
    EF
    EG
    EH
    EI
    EJ
    EK
    EL
    EM
    EN
    EO
    EP
    EQ
    ER
    ES
    ET
    EU
    EV
    EW
    EX
    EY
    Ea
    Eb
    Ec
    Ed
    Ee
    Ef
    Eg
    Eh
    Ei
    Ej
    Ek
    El
    Em
    En
    Eo
    Ep
    Eq
    Er
    Es
    Et
    Eu
    Ev
    Ew
    Ex
    Ey
    F
    FA
    FB
    FC
    FD
    FE
    FF
    FG
    FH
    FI
    FJ
    FK
    FL
    FM
    FN
    FO
    FP
    FQ
    FR
    FS
    FT
    FU
    FV
    FW
    FX
    FY
    Fa
    Fb
    Fc
    Fd
    Fe
    Ff
    Fg
    Fh
    Fi
    Fj
    Fk
    Fl
    Fm
    Fn
    Fo
    Fp
    Fq
    Fr
    Fs
